<?xml version="1.0" encoding="utf-8"?><testsuites name="pytest tests"><testsuite name="pytest" errors="0" failures="0" skipped="0" tests="20" time="3.007" timestamp="2026-06-28T10:09:08.237191+00:00" hostname="agent-env-2104f3b9-7ddf-4b63-81b4-0c737bcc8adf"><testcase classname="backend.tests.test_admin_auth.TestAuth" name="test_login_wrong_password" time="0.451" /><testcase classname="backend.tests.test_admin_auth.TestAuth" name="test_me_requires_bearer" time="0.048" /><testcase classname="backend.tests.test_admin_auth.TestAuth" name="test_me_with_token" time="0.315" /><testcase classname="backend.tests.test_admin_auth.TestAdminGating" name="test_admin_endpoints_require_auth[/api/admin/insights]" time="0.050" /><testcase classname="backend.tests.test_admin_auth.TestAdminGating" name="test_admin_endpoints_require_auth[/api/admin/jobs]" time="0.053" /><testcase classname="backend.tests.test_admin_auth.TestAdminGating" name="test_admin_endpoints_require_auth[/api/admin/partners]" time="0.047" /><testcase classname="backend.tests.test_admin_auth.TestAdminGating" name="test_admin_endpoints_require_auth[/api/admin/memberships]" time="0.044" /><testcase classname="backend.tests.test_admin_auth.TestAdminGating" name="test_admin_endpoints_require_auth[/api/admin/inbox/contacts]" time="0.044" /><testcase classname="backend.tests.test_admin_auth.TestAdminGating" name="test_admin_endpoints_require_auth[/api/admin/inbox/inquiries]" time="0.044" /><testcase classname="backend.tests.test_admin_auth.TestAdminGating" name="test_admin_endpoints_require_auth[/api/admin/inbox/applications]" time="0.048" /><testcase classname="backend.tests.test_admin_auth.TestAdminGating" name="test_admin_invalid_token" time="0.043" /><testcase classname="backend.tests.test_admin_auth.TestAdminCRUDInsights" name="test_create_list_update_delete_insight" time="0.278" /><testcase classname="backend.tests.test_admin_auth.TestAdminCRUDJobs" name="test_create_update_delete_job" time="0.146" /><testcase classname="backend.tests.test_admin_auth.TestAdminCRUDPartnersMemberships" name="test_create_update_delete[partners]" time="0.141" /><testcase classname="backend.tests.test_admin_auth.TestAdminCRUDPartnersMemberships" name="test_create_update_delete[memberships]" time="0.141" /><testcase classname="backend.tests.test_admin_auth.TestAdminUnknownCollection" name="test_unknown_coll_404" time="0.046" /><testcase classname="backend.tests.test_admin_auth.TestHoneypot" name="test_contact_honeypot_silent_drop" time="0.134" /><testcase classname="backend.tests.test_admin_auth.TestResumeE2E" name="test_apply_with_resume_and_download" time="0.551" /><testcase classname="backend.tests.test_admin_auth.TestResumeE2E" name="test_apply_honeypot_blocks_storage" time="0.190" /><testcase classname="backend.tests.test_admin_auth.TestResumeE2E" name="test_apply_invalid_extension" time="0.102" /></testsuite></testsuites>