<?xml version="1.0" encoding="utf-8"?><testsuites name="pytest tests"><testsuite name="pytest" errors="0" failures="0" skipped="0" tests="34" time="5.689" timestamp="2026-07-15T17:41:12.210394+00:00" hostname="agent-env-58c39368-2a3e-4934-afcb-83733669cfec"><testcase classname="backend.tests.test_api" name="test_health" time="0.311" /><testcase classname="backend.tests.test_api.TestInsights" name="test_list_insights" time="0.047" /><testcase classname="backend.tests.test_api.TestInsights" name="test_get_insight_by_slug" time="0.094" /><testcase classname="backend.tests.test_api.TestJobs" name="test_list_jobs" time="0.056" /><testcase classname="backend.tests.test_api.TestJobs" name="test_get_job" time="0.113" /><testcase classname="backend.tests.test_api.TestPartners" name="test_partners" time="0.053" /><testcase classname="backend.tests.test_api.TestPartners" name="test_memberships" time="0.046" /><testcase classname="backend.tests.test_api.TestContact" name="test_submit_contact" time="0.054" /><testcase classname="backend.tests.test_api" name="test_commodities_optional" time="0.045" /><testcase classname="backend.tests.test_admin_auth.TestAuth" name="test_login_wrong_password" time="0.409" /><testcase classname="backend.tests.test_admin_auth.TestAuth" name="test_me_requires_bearer" time="0.060" /><testcase classname="backend.tests.test_admin_auth.TestAuth" name="test_me_with_token" time="0.380" /><testcase classname="backend.tests.test_admin_auth.TestAdminGating" name="test_admin_endpoints_require_auth[/api/admin/insights]" time="0.051" /><testcase classname="backend.tests.test_admin_auth.TestAdminGating" name="test_admin_endpoints_require_auth[/api/admin/jobs]" time="0.052" /><testcase classname="backend.tests.test_admin_auth.TestAdminGating" name="test_admin_endpoints_require_auth[/api/admin/partners]" time="0.051" /><testcase classname="backend.tests.test_admin_auth.TestAdminGating" name="test_admin_endpoints_require_auth[/api/admin/memberships]" time="0.054" /><testcase classname="backend.tests.test_admin_auth.TestAdminGating" name="test_admin_endpoints_require_auth[/api/admin/inbox/contacts]" time="0.055" /><testcase classname="backend.tests.test_admin_auth.TestAdminGating" name="test_admin_endpoints_require_auth[/api/admin/inbox/inquiries]" time="0.053" /><testcase classname="backend.tests.test_admin_auth.TestAdminGating" name="test_admin_endpoints_require_auth[/api/admin/inbox/applications]" time="0.056" /><testcase classname="backend.tests.test_admin_auth.TestAdminGating" name="test_admin_invalid_token" time="0.054" /><testcase classname="backend.tests.test_admin_auth.TestAdminCRUDInsights" name="test_create_list_update_delete_insight" time="0.403" /><testcase classname="backend.tests.test_admin_auth.TestAdminCRUDJobs" name="test_create_update_delete_job" time="0.241" /><testcase classname="backend.tests.test_admin_auth.TestAdminCRUDPartnersMemberships" name="test_create_update_delete[partners]" time="0.193" /><testcase classname="backend.tests.test_admin_auth.TestAdminCRUDPartnersMemberships" name="test_create_update_delete[memberships]" time="0.221" /><testcase classname="backend.tests.test_admin_auth.TestAdminUnknownCollection" name="test_unknown_coll_404" time="0.067" /><testcase classname="backend.tests.test_admin_auth.TestHoneypot" name="test_contact_honeypot_silent_drop" time="0.205" /><testcase classname="backend.tests.test_admin_auth.TestResumeE2E" name="test_apply_with_resume_and_download" time="0.601" /><testcase classname="backend.tests.test_admin_auth.TestResumeE2E" name="test_apply_honeypot_blocks_storage" time="0.222" /><testcase classname="backend.tests.test_admin_auth.TestResumeE2E" name="test_apply_invalid_extension" time="0.101" /><testcase classname="backend.tests.test_admin_auth.TestCareerInquiryMultipart" name="test_inquiry_with_resume_and_download" time="0.646" /><testcase classname="backend.tests.test_admin_auth.TestCareerInquiryMultipart" name="test_inquiry_no_resume" time="0.152" /><testcase classname="backend.tests.test_admin_auth.TestCareerInquiryMultipart" name="test_inquiry_honeypot_silent_drop" time="0.212" /><testcase classname="backend.tests.test_admin_auth.TestCareerInquiryMultipart" name="test_inquiry_missing_required_field" time="0.112" /><testcase classname="backend.tests.test_admin_auth.TestCareerInquiryMultipart" name="test_inquiry_invalid_resume_ext" time="0.105" /></testsuite></testsuites>