<?xml version="1.0" encoding="utf-8"?><testsuites name="pytest tests"><testsuite name="pytest" errors="0" failures="0" skipped="0" tests="9" time="0.891" timestamp="2026-06-28T09:12:18.164077+00:00" hostname="agent-env-2104f3b9-7ddf-4b63-81b4-0c737bcc8adf"><testcase classname="backend.tests.test_api" name="test_health" time="0.239" /><testcase classname="backend.tests.test_api.TestInsights" name="test_list_insights" time="0.047" /><testcase classname="backend.tests.test_api.TestInsights" name="test_get_insight_by_slug" time="0.087" /><testcase classname="backend.tests.test_api.TestJobs" name="test_list_jobs" time="0.042" /><testcase classname="backend.tests.test_api.TestJobs" name="test_get_job" time="0.085" /><testcase classname="backend.tests.test_api.TestPartners" name="test_partners" time="0.045" /><testcase classname="backend.tests.test_api.TestPartners" name="test_memberships" time="0.043" /><testcase classname="backend.tests.test_api.TestContact" name="test_submit_contact" time="0.081" /><testcase classname="backend.tests.test_api" name="test_commodities_optional" time="0.042" /></testsuite></testsuites>