<?xml version="1.0" encoding="utf-8"?><testsuites name="pytest tests"><testsuite name="pytest" errors="0" failures="0" skipped="0" tests="42" time="12.080" timestamp="2026-07-19T11:08:31.966351+00:00" hostname="agent-env-446fd3fe-9e90-4d02-ac2b-a446ac55f854"><testcase classname="tests.test_auth_cookies_csrf.TestLoginSetsCookies" name="test_login_response_body" time="0.327" /><testcase classname="tests.test_auth_cookies_csrf.TestLoginSetsCookies" name="test_login_sets_both_cookies" time="0.323" /><testcase classname="tests.test_auth_cookies_csrf.TestLoginSetsCookies" name="test_access_cookie_is_httponly_and_secure" time="0.357" /><testcase classname="tests.test_auth_cookies_csrf.TestLoginSetsCookies" name="test_login_body_csrf_matches_cookie" time="0.319" /><testcase classname="tests.test_auth_cookies_csrf.TestCookieAuthMe" name="test_me_no_auth_returns_401" time="0.128" /><testcase classname="tests.test_auth_cookies_csrf.TestCookieAuthMe" name="test_me_with_cookie_returns_admin" time="0.381" /><testcase classname="tests.test_auth_cookies_csrf.TestCookieGetNoCSRFNeeded" name="test_admin_get_works_with_cookie_no_csrf_header" time="0.376" /><testcase classname="tests.test_auth_cookies_csrf.TestCSRFEnforced" name="test_cookie_mutation_without_csrf_returns_403" time="0.373" /><testcase classname="tests.test_auth_cookies_csrf.TestCSRFEnforced" name="test_cookie_mutation_with_wrong_csrf_returns_403" time="0.402" /><testcase classname="tests.test_auth_cookies_csrf.TestCSRFEnforced" name="test_cookie_mutation_with_correct_csrf_succeeds" time="0.576" /><testcase classname="tests.test_auth_cookies_csrf.TestBearerBackwardCompat" name="test_bearer_mutation_needs_no_csrf" time="0.579" /><testcase classname="tests.test_auth_cookies_csrf.TestBearerBackwardCompat" name="test_bearer_me_works" time="0.416" /><testcase classname="tests.test_auth_cookies_csrf.TestLogoutClearsCookies" name="test_logout_clears_and_me_401" time="3.070" /><testcase classname="tests.test_admin_auth.TestAuth" name="test_login_wrong_password" time="0.336" /><testcase classname="tests.test_admin_auth.TestAuth" name="test_me_requires_bearer" time="0.042" /><testcase classname="tests.test_admin_auth.TestAuth" name="test_me_with_token" time="0.365" /><testcase classname="tests.test_admin_auth.TestAdminGating" name="test_admin_endpoints_require_auth[/api/admin/insights]" time="0.044" /><testcase classname="tests.test_admin_auth.TestAdminGating" name="test_admin_endpoints_require_auth[/api/admin/jobs]" time="0.042" /><testcase classname="tests.test_admin_auth.TestAdminGating" name="test_admin_endpoints_require_auth[/api/admin/partners]" time="0.047" /><testcase classname="tests.test_admin_auth.TestAdminGating" name="test_admin_endpoints_require_auth[/api/admin/memberships]" time="0.042" /><testcase classname="tests.test_admin_auth.TestAdminGating" name="test_admin_endpoints_require_auth[/api/admin/inbox/contacts]" time="0.044" /><testcase classname="tests.test_admin_auth.TestAdminGating" name="test_admin_endpoints_require_auth[/api/admin/inbox/inquiries]" time="0.082" /><testcase classname="tests.test_admin_auth.TestAdminGating" name="test_admin_endpoints_require_auth[/api/admin/inbox/applications]" time="0.069" /><testcase classname="tests.test_admin_auth.TestAdminGating" name="test_admin_invalid_token" time="0.042" /><testcase classname="tests.test_admin_auth.TestAdminCRUDInsights" name="test_create_list_update_delete_insight" time="0.350" /><testcase classname="tests.test_admin_auth.TestAdminCRUDJobs" name="test_create_update_delete_job" time="0.143" /><testcase classname="tests.test_admin_auth.TestAdminCRUDPartnersMemberships" name="test_create_update_delete[partners]" time="0.151" /><testcase classname="tests.test_admin_auth.TestAdminCRUDPartnersMemberships" name="test_create_update_delete[memberships]" time="0.137" /><testcase classname="tests.test_admin_auth.TestAdminUnknownCollection" name="test_unknown_coll_404" time="0.041" /><testcase classname="tests.test_admin_auth.TestHoneypot" name="test_contact_honeypot_silent_drop" time="0.207" /><testcase classname="tests.test_admin_auth.TestResumeE2E" name="test_apply_with_resume_and_download" time="0.546" /><testcase classname="tests.test_admin_auth.TestResumeE2E" name="test_apply_honeypot_blocks_storage" time="0.255" /><testcase classname="tests.test_admin_auth.TestResumeE2E" name="test_apply_invalid_extension" time="0.097" /><testcase classname="tests.test_admin_auth.TestResumeE2E" name="test_application_resume_nonexistent_id_returns_404" time="0.045" /><testcase classname="tests.test_admin_auth.TestResumeE2E" name="test_application_resume_requires_auth" time="0.081" /><testcase classname="tests.test_admin_auth.TestCareerInquiryMultipart" name="test_inquiry_with_resume_and_download" time="0.493" /><testcase classname="tests.test_admin_auth.TestCareerInquiryMultipart" name="test_inquiry_no_resume" time="0.094" /><testcase classname="tests.test_admin_auth.TestCareerInquiryMultipart" name="test_inquiry_honeypot_silent_drop" time="0.213" /><testcase classname="tests.test_admin_auth.TestCareerInquiryMultipart" name="test_inquiry_missing_required_field" time="0.099" /><testcase classname="tests.test_admin_auth.TestCareerInquiryMultipart" name="test_inquiry_invalid_resume_ext" time="0.102" /><testcase classname="tests.test_admin_auth.TestCareerInquiryMultipart" name="test_inquiry_resume_nonexistent_id_returns_404" time="0.043" /><testcase classname="tests.test_admin_auth.TestCareerInquiryMultipart" name="test_inquiry_resume_requires_auth" time="0.083" /></testsuite></testsuites>