<?xml version="1.0" encoding="utf-8"?><testsuites name="pytest tests"><testsuite name="pytest" errors="0" failures="0" skipped="0" tests="29" time="5.695" timestamp="2026-07-17T14:43:58.705178+00:00" hostname="agent-env-446fd3fe-9e90-4d02-ac2b-a446ac55f854"><testcase classname="backend.tests.test_admin_auth.TestAuth" name="test_login_wrong_password" time="0.470" /><testcase classname="backend.tests.test_admin_auth.TestAuth" name="test_me_requires_bearer" time="0.054" /><testcase classname="backend.tests.test_admin_auth.TestAuth" name="test_me_with_token" time="0.317" /><testcase classname="backend.tests.test_admin_auth.TestAdminGating" name="test_admin_endpoints_require_auth[/api/admin/insights]" time="0.047" /><testcase classname="backend.tests.test_admin_auth.TestAdminGating" name="test_admin_endpoints_require_auth[/api/admin/jobs]" time="0.044" /><testcase classname="backend.tests.test_admin_auth.TestAdminGating" name="test_admin_endpoints_require_auth[/api/admin/partners]" time="0.048" /><testcase classname="backend.tests.test_admin_auth.TestAdminGating" name="test_admin_endpoints_require_auth[/api/admin/memberships]" time="0.046" /><testcase classname="backend.tests.test_admin_auth.TestAdminGating" name="test_admin_endpoints_require_auth[/api/admin/inbox/contacts]" time="0.065" /><testcase classname="backend.tests.test_admin_auth.TestAdminGating" name="test_admin_endpoints_require_auth[/api/admin/inbox/inquiries]" time="0.046" /><testcase classname="backend.tests.test_admin_auth.TestAdminGating" name="test_admin_endpoints_require_auth[/api/admin/inbox/applications]" time="0.357" /><testcase classname="backend.tests.test_admin_auth.TestAdminGating" name="test_admin_invalid_token" time="0.050" /><testcase classname="backend.tests.test_admin_auth.TestAdminCRUDInsights" name="test_create_list_update_delete_insight" time="0.290" /><testcase classname="backend.tests.test_admin_auth.TestAdminCRUDJobs" name="test_create_update_delete_job" time="0.176" /><testcase classname="backend.tests.test_admin_auth.TestAdminCRUDPartnersMemberships" name="test_create_update_delete[partners]" time="0.138" /><testcase classname="backend.tests.test_admin_auth.TestAdminCRUDPartnersMemberships" name="test_create_update_delete[memberships]" time="0.147" /><testcase classname="backend.tests.test_admin_auth.TestAdminUnknownCollection" name="test_unknown_coll_404" time="0.046" /><testcase classname="backend.tests.test_admin_auth.TestHoneypot" name="test_contact_honeypot_silent_drop" time="0.136" /><testcase classname="backend.tests.test_admin_auth.TestResumeE2E" name="test_apply_with_resume_and_download" time="0.926" /><testcase classname="backend.tests.test_admin_auth.TestResumeE2E" name="test_apply_honeypot_blocks_storage" time="0.184" /><testcase classname="backend.tests.test_admin_auth.TestResumeE2E" name="test_apply_invalid_extension" time="0.100" /><testcase classname="backend.tests.test_admin_auth.TestResumeE2E" name="test_application_resume_nonexistent_id_returns_404" time="0.045" /><testcase classname="backend.tests.test_admin_auth.TestResumeE2E" name="test_application_resume_requires_auth" time="0.044" /><testcase classname="backend.tests.test_admin_auth.TestCareerInquiryMultipart" name="test_inquiry_with_resume_and_download" time="0.930" /><testcase classname="backend.tests.test_admin_auth.TestCareerInquiryMultipart" name="test_inquiry_no_resume" time="0.179" /><testcase classname="backend.tests.test_admin_auth.TestCareerInquiryMultipart" name="test_inquiry_honeypot_silent_drop" time="0.251" /><testcase classname="backend.tests.test_admin_auth.TestCareerInquiryMultipart" name="test_inquiry_missing_required_field" time="0.200" /><testcase classname="backend.tests.test_admin_auth.TestCareerInquiryMultipart" name="test_inquiry_invalid_resume_ext" time="0.158" /><testcase classname="backend.tests.test_admin_auth.TestCareerInquiryMultipart" name="test_inquiry_resume_nonexistent_id_returns_404" time="0.052" /><testcase classname="backend.tests.test_admin_auth.TestCareerInquiryMultipart" name="test_inquiry_resume_requires_auth" time="0.054" /></testsuite></testsuites>